C:\__ATEC\01 SOURCE\BTVMDLG_통합\BTVMDLG\DEBUG\ATEC_KIOSK.EXE.EMBED.MANIFEST
C:\__ATEC\01 SOURCE\BTVMDLG_통합\BTVMDLG\DEBUG\ATEC_KIOSK.EXE.EMBED.MANIFEST.RES
C:\__ATEC\01 SOURCE\BTVMDLG_통합\BTVMDLG\DEBUG\ATEC_KIOSK.EXE.INTERMEDIATE.MANIFEST
C:\__ATEC\01 SOURCE\BTVMDLG_통합\BTVMDLG\DEBUG\ATEC_KIOSK.PCH
C:\__ATEC\01 Source\BTvmDlg_통합\BTvmDlg\Debug\ATEC_KIOSK_manifest.rc
C:\__ATEC\01 SOURCE\BTVMDLG_통합\BTVMDLG\DEBUG\BTVMDLG.OBJ
C:\__ATEC\01 SOURCE\BTVMDLG_통합\BTVMDLG\DEBUG\BTVMDLG.RES
C:\__ATEC\01 Source\BTvmDlg_통합\BTvmDlg\Debug\BTvmDlg.vcxprojResolveAssemblyReference.cache
C:\__ATEC\01 Source\BTvmDlg_통합\BTvmDlg\Debug\BTvmDlg_통합.write.1.tlog
C:\__ATEC\01 SOURCE\BTVMDLG_통합\BTVMDLG\DEBUG\BTVMDLGDLG.OBJ
C:\__ATEC\01 Source\BTvmDlg_통합\BTvmDlg\Debug\cl.command.1.tlog
C:\__ATEC\01 Source\BTvmDlg_통합\BTvmDlg\Debug\CL.read.1.tlog
C:\__ATEC\01 Source\BTvmDlg_통합\BTvmDlg\Debug\CL.write.1.tlog
C:\__ATEC\01 SOURCE\BTVMDLG_통합\BTVMDLG\DEBUG\CMN_UTIL.OBJ
C:\__ATEC\01 SOURCE\BTVMDLG_통합\BTVMDLG\DEBUG\DAMO_KTC.OBJ
C:\__ATEC\01 SOURCE\BTVMDLG_통합\BTVMDLG\DEBUG\DATA_MAIN.OBJ
C:\__ATEC\01 SOURCE\BTVMDLG_통합\BTVMDLG\DEBUG\DBSQLITE.OBJ
C:\__ATEC\01 SOURCE\BTVMDLG_통합\BTVMDLG\DEBUG\DEV_BILL_ICT.OBJ
C:\__ATEC\01 SOURCE\BTVMDLG_통합\BTVMDLG\DEBUG\DEV_BILL_MAIN.OBJ
C:\__ATEC\01 SOURCE\BTVMDLG_통합\BTVMDLG\DEBUG\DEV_BILL_MEI.OBJ
C:\__ATEC\01 SOURCE\BTVMDLG_통합\BTVMDLG\DEBUG\DEV_BILL_ONEP.OBJ
C:\__ATEC\01 SOURCE\BTVMDLG_통합\BTVMDLG\DEBUG\DEV_CARDREADER_KICC.OBJ
C:\__ATEC\01 SOURCE\BTVMDLG_통합\BTVMDLG\DEBUG\DEV_CARDREADER_MAIN.OBJ
C:\__ATEC\01 SOURCE\BTVMDLG_통합\BTVMDLG\DEBUG\DEV_COIN_MAIN.OBJ
C:\__ATEC\01 SOURCE\BTVMDLG_통합\BTVMDLG\DEBUG\DEV_COIN_WS.OBJ
C:\__ATEC\01 SOURCE\BTVMDLG_통합\BTVMDLG\DEBUG\DEV_DISPENSER_HT.OBJ
C:\__ATEC\01 SOURCE\BTVMDLG_통합\BTVMDLG\DEBUG\DEV_DISPENSER_MAIN.OBJ
C:\__ATEC\01 SOURCE\BTVMDLG_통합\BTVMDLG\DEBUG\DEV_DISPENSER_NHT.OBJ
C:\__ATEC\01 SOURCE\BTVMDLG_통합\BTVMDLG\DEBUG\DEV_PRT_HS.OBJ
C:\__ATEC\01 SOURCE\BTVMDLG_통합\BTVMDLG\DEBUG\DEV_PRT_MAIN.OBJ
C:\__ATEC\01 SOURCE\BTVMDLG_통합\BTVMDLG\DEBUG\DEV_PRT_NICE_RXD.OBJ
C:\__ATEC\01 SOURCE\BTVMDLG_통합\BTVMDLG\DEBUG\DEV_PRT_TICKET_HS.OBJ
C:\__ATEC\01 SOURCE\BTVMDLG_통합\BTVMDLG\DEBUG\DEV_PRT_TICKET_MAIN.OBJ
C:\__ATEC\01 SOURCE\BTVMDLG_통합\BTVMDLG\DEBUG\DEV_PRT_TICKET_NHS.OBJ
C:\__ATEC\01 SOURCE\BTVMDLG_통합\BTVMDLG\DEBUG\DEV_SCANNER_ATEC.OBJ
C:\__ATEC\01 SOURCE\BTVMDLG_통합\BTVMDLG\DEBUG\DEV_SCANNER_MAIN.OBJ
C:\__ATEC\01 SOURCE\BTVMDLG_통합\BTVMDLG\DEBUG\DEV_SCANNER_WT.OBJ
C:\__ATEC\01 SOURCE\BTVMDLG_통합\BTVMDLG\DEBUG\DEV_TR_CC_CARDCASH.OBJ
C:\__ATEC\01 SOURCE\BTVMDLG_통합\BTVMDLG\DEBUG\DEV_TR_KOBUS_MEM.OBJ
C:\__ATEC\01 SOURCE\BTVMDLG_통합\BTVMDLG\DEBUG\DEV_TR_MAIN.OBJ
C:\__ATEC\01 SOURCE\BTVMDLG_통합\BTVMDLG\DEBUG\DEV_TR_MEM.OBJ
C:\__ATEC\01 SOURCE\BTVMDLG_통합\BTVMDLG\DEBUG\DEV_TR_TMEXP_MEM.OBJ
C:\__ATEC\01 SOURCE\BTVMDLG_통합\BTVMDLG\DEBUG\DEV_UI_MAIN.OBJ
C:\__ATEC\01 SOURCE\BTVMDLG_통합\BTVMDLG\DEBUG\EVENT_IF.OBJ
C:\__ATEC\01 SOURCE\BTVMDLG_통합\BTVMDLG\DEBUG\FILE_ENV_INI.OBJ
C:\__ATEC\01 Source\BTvmDlg_통합\BTvmDlg\Debug\link.command.1.tlog
C:\__ATEC\01 Source\BTvmDlg_통합\BTvmDlg\Debug\link.read.1.tlog
C:\__ATEC\01 Source\BTvmDlg_통합\BTvmDlg\Debug\link.write.1.tlog
C:\__ATEC\01 Source\BTvmDlg_통합\BTvmDlg\Debug\link-cvtres.read.1.tlog
C:\__ATEC\01 Source\BTvmDlg_통합\BTvmDlg\Debug\link-cvtres.write.1.tlog
C:\__ATEC\01 SOURCE\BTVMDLG_통합\BTVMDLG\DEBUG\MD5.OBJ
C:\__ATEC\01 Source\BTvmDlg_통합\BTvmDlg\Debug\mt.command.1.tlog
C:\__ATEC\01 Source\BTvmDlg_통합\BTvmDlg\Debug\mt.read.1.tlog
C:\__ATEC\01 Source\BTvmDlg_통합\BTvmDlg\Debug\mt.write.1.tlog
C:\__ATEC\01 SOURCE\BTVMDLG_통합\BTVMDLG\DEBUG\MYDATAACCUM.OBJ
C:\__ATEC\01 SOURCE\BTVMDLG_통합\BTVMDLG\DEBUG\OPER_CONFIG.OBJ
C:\__ATEC\01 SOURCE\BTVMDLG_통합\BTVMDLG\DEBUG\OPER_KOS_FILE.OBJ
C:\__ATEC\01 Source\BTvmDlg_통합\BTvmDlg\Debug\rc.command.1.tlog
C:\__ATEC\01 Source\BTvmDlg_통합\BTvmDlg\Debug\rc.read.1.tlog
C:\__ATEC\01 Source\BTvmDlg_통합\BTvmDlg\Debug\rc.write.1.tlog
C:\__ATEC\01 SOURCE\BTVMDLG_통합\BTVMDLG\DEBUG\STDAFX.OBJ
C:\__ATEC\01 SOURCE\BTVMDLG_통합\BTVMDLG\DEBUG\SVR_CCBUS.OBJ
C:\__ATEC\01 SOURCE\BTVMDLG_통합\BTVMDLG\DEBUG\SVR_CCS_MAIN.OBJ
C:\__ATEC\01 SOURCE\BTVMDLG_통합\BTVMDLG\DEBUG\SVR_KO_MAIN.OBJ
C:\__ATEC\01 SOURCE\BTVMDLG_통합\BTVMDLG\DEBUG\SVR_KOBUS.OBJ
C:\__ATEC\01 SOURCE\BTVMDLG_통합\BTVMDLG\DEBUG\SVR_MAIN.OBJ
C:\__ATEC\01 SOURCE\BTVMDLG_통합\BTVMDLG\DEBUG\SVR_TM_EXP_MAIN.OBJ
C:\__ATEC\01 SOURCE\BTVMDLG_통합\BTVMDLG\DEBUG\SVR_TM_EXPBUS.OBJ
C:\__ATEC\01 Source\BTvmDlg_통합\BTvmDlg\Debug\vc100.idb
C:\__ATEC\01 SOURCE\BTVMDLG_통합\BTVMDLG\DEBUG\VC100.PDB
C:\__ATEC\01 SOURCE\BTVMDLG_통합\DEBUG\ATEC_KIOSK.EXE
C:\__ATEC\01 SOURCE\BTVMDLG_통합\DEBUG\ATEC_KIOSK.ILK
C:\__ATEC\01 SOURCE\BTVMDLG_통합\DEBUG\ATEC_KIOSK.PDB
