빌드 시작: 2023-02-23 오후 2:36:47
     1>2 노드의 "C:\__ATEC\01 Source\BTvmDlg_통합\BTvmDlg\BTvmDlg.vcxproj" 프로젝트(build 대상)입니다.
     1>InitializeBuildStatus:
         "AlwaysCreate"이(가) 지정되었기 때문에 "Debug\BTvmDlg_통합.unsuccessfulbuild"을(를) 만들고 있습니다.
       ClCompile:
         C:\Program Files (x86)\Microsoft Visual Studio 10.0\VC\bin\CL.exe /c /I.\Include /I.\TMAX /ZI /nologo /W3 /WX- /Od /Oy- /D WIN32 /D _WINDOWS /D _DEBUG /D _CRT_SECURE_NO_WARNINGS /D _MBCS /D _AFXDLL /Gm /EHa /RTC1 /MDd /GS /fp:precise /Zc:wchar_t /Zc:forScope /Yc"StdAfx.h" /Fp"Debug\ATEC_KIOSK.pch" /Fo"Debug\\" /Fd"Debug\vc100.pdb" /Gd /TP /analyze- /errorReport:prompt stdafx.cpp
         stdafx.cpp
         C:\Program Files (x86)\Microsoft Visual Studio 10.0\VC\bin\CL.exe /c /I.\Include /I.\TMAX /ZI /nologo /W3 /WX- /Od /Oy- /D WIN32 /D _WINDOWS /D _DEBUG /D _CRT_SECURE_NO_WARNINGS /D _MBCS /D _AFXDLL /Gm /EHa /RTC1 /MDd /GS /fp:precise /Zc:wchar_t /Zc:forScope /Yu"StdAfx.h" /Fp"Debug\ATEC_KIOSK.pch" /Fo"Debug\\" /Fd"Debug\vc100.pdb" /Gd /TP /analyze- /errorReport:prompt BTvmDlg.cpp BTvmDlgDlg.cpp DbSqlite.cpp File_Env_ini.cpp MyDataAccum.cpp cmn_util.cpp damo_ktc.cpp data_main.cpp dev_bill_ict.cpp dev_bill_main.cpp dev_bill_mei.cpp dev_bill_onep.cpp dev_cardreader_kicc.cpp dev_cardreader_main.cpp dev_coin_main.cpp dev_coin_ws.cpp dev_dispenser_ht.cpp dev_dispenser_main.cpp dev_dispenser_nht.cpp dev_prt_hs.cpp dev_prt_main.cpp dev_prt_nice_rxd.cpp dev_prt_ticket_hs.cpp dev_prt_ticket_main.cpp dev_prt_ticket_nhs.cpp dev_scanner_atec.cpp dev_scanner_main.cpp dev_scanner_wt.cpp dev_tr_cc_cardcash.cpp dev_tr_kobus_mem.cpp dev_tr_main.cpp dev_tr_mem.cpp dev_tr_tmexp_mem.cpp dev_ui_main.cpp event_if.cpp md5.cpp oper_config.cpp oper_kos_file.cpp svr_ccbus.cpp svr_ccs_main.cpp svr_ko_main.cpp svr_kobus.cpp svr_main.cpp svr_tm_exp_main.cpp svr_tm_expbus.cpp
         svr_tm_expbus.cpp
     1>c:\__atec\01 source\btvmdlg_통합\btvmdlg\svr_tm_expbus.cpp(8023): warning C4101: 'i' :참조되지 않은 지역 변수입니다.
         svr_tm_exp_main.cpp
         svr_main.cpp
         svr_kobus.cpp
         svr_ko_main.cpp
         svr_ccs_main.cpp
         svr_ccbus.cpp
     1>c:\__atec\01 source\btvmdlg_통합\btvmdlg\svr_ccbus.cpp(7647): warning C4101: 'n_sats_no' :참조되지 않은 지역 변수입니다.
     1>c:\__atec\01 source\btvmdlg_통합\btvmdlg\svr_ccbus.cpp(8933): warning C4101: 'retString' :참조되지 않은 지역 변수입니다.
     1>c:\__atec\01 source\btvmdlg_통합\btvmdlg\svr_ccbus.cpp(8930): warning C4101: 'nEncLen' :참조되지 않은 지역 변수입니다.
     1>c:\__atec\01 source\btvmdlg_통합\btvmdlg\svr_ccbus.cpp(8937): warning C4101: 'n_mrnp_num' :참조되지 않은 지역 변수입니다.
     1>c:\__atec\01 source\btvmdlg_통합\btvmdlg\svr_ccbus.cpp(8936): warning C4101: 'n_enc_dta_len' :참조되지 않은 지역 변수입니다.
     1>c:\__atec\01 source\btvmdlg_통합\btvmdlg\svr_ccbus.cpp(8932): warning C4101: 'rndString' :참조되지 않은 지역 변수입니다.
         oper_kos_file.cpp
         oper_config.cpp
     1>c:\__atec\01 source\btvmdlg_통합\btvmdlg\oper_config.cpp(964): warning C4129: '{' : 문자 이스케이프 시퀀스를 인식할 수 없습니다.
     1>c:\__atec\01 source\btvmdlg_통합\btvmdlg\oper_config.cpp(964): warning C4129: '=' : 문자 이스케이프 시퀀스를 인식할 수 없습니다.
     1>c:\__atec\01 source\btvmdlg_통합\btvmdlg\oper_config.cpp(964): warning C4129: '}' : 문자 이스케이프 시퀀스를 인식할 수 없습니다.
     1>c:\__atec\01 source\btvmdlg_통합\btvmdlg\oper_config.cpp(952): warning C4101: 'sPromStr' :참조되지 않은 지역 변수입니다.
     1>c:\__atec\01 source\btvmdlg_통합\btvmdlg\oper_config.cpp(951): warning C4101: 'sReadBuff' :참조되지 않은 지역 변수입니다.
         md5.cpp
         event_if.cpp
     1>c:\__atec\01 source\btvmdlg_통합\btvmdlg\event_if.cpp(411): warning C4129: '{' : 문자 이스케이프 시퀀스를 인식할 수 없습니다.
     1>c:\__atec\01 source\btvmdlg_통합\btvmdlg\event_if.cpp(411): warning C4129: '=' : 문자 이스케이프 시퀀스를 인식할 수 없습니다.
     1>c:\__atec\01 source\btvmdlg_통합\btvmdlg\event_if.cpp(411): warning C4129: '}' : 문자 이스케이프 시퀀스를 인식할 수 없습니다.
     1>c:\__atec\01 source\btvmdlg_통합\btvmdlg\event_if.cpp(399): warning C4101: 'find_pos' :참조되지 않은 지역 변수입니다.
     1>c:\__atec\01 source\btvmdlg_통합\btvmdlg\event_if.cpp(397): warning C4101: 'sReadBuff' :참조되지 않은 지역 변수입니다.
         dev_ui_main.cpp
     1>c:\__atec\01 source\btvmdlg_통합\btvmdlg\dev_ui_main.cpp(4145): warning C4101: 'pHdr' :참조되지 않은 지역 변수입니다.
     1>c:\__atec\01 source\btvmdlg_통합\btvmdlg\dev_ui_main.cpp(4146): warning C4101: 'pResp' :참조되지 않은 지역 변수입니다.
         dev_tr_tmexp_mem.cpp
     1>c:\__atec\01 source\btvmdlg_통합\btvmdlg\dev_tr_tmexp_mem.cpp(1260): warning C4101: 'i' :참조되지 않은 지역 변수입니다.
     1>c:\__atec\01 source\btvmdlg_통합\btvmdlg\dev_tr_tmexp_mem.cpp(1261): warning C4101: 'Buffer' :참조되지 않은 지역 변수입니다.
     1>c:\__atec\01 source\btvmdlg_통합\btvmdlg\dev_tr_tmexp_mem.cpp(1260): warning C4101: 'k' :참조되지 않은 지역 변수입니다.
     1>c:\__atec\01 source\btvmdlg_통합\btvmdlg\dev_tr_tmexp_mem.cpp(2459): warning C4101: 'n_toal_fare' :참조되지 않은 지역 변수입니다.
     1>c:\__atec\01 source\btvmdlg_통합\btvmdlg\dev_tr_tmexp_mem.cpp(2561): warning C4101: 'dwArvlDtm' :참조되지 않은 지역 변수입니다.
         dev_tr_mem.cpp
     1>c:\__atec\01 source\btvmdlg_통합\btvmdlg\dev_tr_mem.cpp(1542): warning C4101: 'szFare' :참조되지 않은 지역 변수입니다.
         dev_tr_main.cpp
         dev_tr_kobus_mem.cpp
         dev_tr_cc_cardcash.cpp
         dev_scanner_wt.cpp
         dev_scanner_main.cpp
         dev_scanner_atec.cpp
     1>c:\__atec\01 source\btvmdlg_통합\btvmdlg\dev_scanner_atec.cpp(200): warning C4101: 'szStatus' :참조되지 않은 지역 변수입니다.
         코드를 생성하고 있습니다...
         컴파일하고 있습니다...
         dev_prt_ticket_nhs.cpp
     1>c:\__atec\01 source\btvmdlg_통합\btvmdlg\dev_prt_ticket_nhs.cpp(490): warning C4018: '<=' : signed 또는 unsigned가 일치하지 않습니다.
         dev_prt_ticket_main.cpp
         dev_prt_ticket_hs.cpp
         dev_prt_nice_rxd.cpp
         dev_prt_main.cpp
         dev_prt_hs.cpp
         dev_dispenser_nht.cpp
         dev_dispenser_main.cpp
         dev_dispenser_ht.cpp
         dev_coin_ws.cpp
         dev_coin_main.cpp
         dev_cardreader_main.cpp
         dev_cardreader_kicc.cpp
         dev_bill_onep.cpp
         dev_bill_mei.cpp
         dev_bill_main.cpp
         dev_bill_ict.cpp
         data_main.cpp
         MCBS Selected
     1>c:\__atec\01 source\btvmdlg_통합\btvmdlg\data_main.cpp(227): warning C4101: 'i' :참조되지 않은 지역 변수입니다.
     1>c:\__atec\01 source\btvmdlg_통합\btvmdlg\data_main.cpp(227): warning C4101: 'k' :참조되지 않은 지역 변수입니다.
     1>c:\__atec\01 source\btvmdlg_통합\btvmdlg\data_main.cpp(480): warning C4101: 'pTckWork' :참조되지 않은 지역 변수입니다.
         damo_ktc.cpp
         cmn_util.cpp
         코드를 생성하고 있습니다...
         컴파일하고 있습니다...
         MyDataAccum.cpp
         File_Env_ini.cpp
         DbSqlite.cpp
         MCBS Selected
         BTvmDlgDlg.cpp
         BTvmDlg.cpp
         코드를 생성하고 있습니다...
       ResourceCompile:
         모든 출력이 최신 상태입니다.
       ManifestResourceCompile:
         모든 출력이 최신 상태입니다.
       Link:
         C:\Program Files (x86)\Microsoft Visual Studio 10.0\VC\bin\link.exe /ERRORREPORT:PROMPT /OUT:"C:\__ATEC\01 Source\BTvmDlg_통합\Debug\ATEC_KIOSK.exe" /INCREMENTAL /NOLOGO /LIBPATH:c:\TmaxSoft\tmax\lib kernel32.lib user32.lib gdi32.lib winspool.lib comdlg32.lib advapi32.lib shell32.lib ole32.lib oleaut32.lib uuid.lib odbc32.lib odbccp32.lib .\Lib\NhCmmn.lib .\Lib\WOMRDll.lib .\Lib\WNScanDll_A6.lib .\Lib\sqlite3.lib tmax4gl.lib tmax.lib /MANIFEST /ManifestFile:"Debug\ATEC_KIOSK.exe.intermediate.manifest" /MANIFESTUAC:"level='asInvoker' uiAccess='false'" /DEBUG /PDB:"C:\__ATEC\01 Source\BTvmDlg_통합\Debug\ATEC_KIOSK.pdb" /SUBSYSTEM:WINDOWS /TLBID:1 /DYNAMICBASE /NXCOMPAT /IMPLIB:"C:\__ATEC\01 Source\BTvmDlg_통합\Debug\ATEC_KIOSK.lib" /MACHINE:X86 Debug\BTvmDlg.res
         Debug\ATEC_KIOSK.exe.embed.manifest.res
         Debug\BTvmDlg.obj
         Debug\BTvmDlgDlg.obj
         Debug\cmn_util.obj
         Debug\damo_ktc.obj
         Debug\data_main.obj
         Debug\DbSqlite.obj
         Debug\dev_bill_ict.obj
         Debug\dev_bill_main.obj
         Debug\dev_bill_mei.obj
         Debug\dev_bill_onep.obj
         Debug\dev_cardreader_kicc.obj
         Debug\dev_cardreader_main.obj
         Debug\dev_coin_main.obj
         Debug\dev_coin_ws.obj
         Debug\dev_dispenser_ht.obj
         Debug\dev_dispenser_main.obj
         Debug\dev_dispenser_nht.obj
         Debug\dev_prt_hs.obj
         Debug\dev_prt_main.obj
         Debug\dev_prt_nice_rxd.obj
         Debug\dev_prt_ticket_hs.obj
         Debug\dev_prt_ticket_main.obj
         Debug\dev_prt_ticket_nhs.obj
         Debug\dev_scanner_atec.obj
         Debug\dev_scanner_main.obj
         Debug\dev_scanner_wt.obj
         Debug\dev_tr_cc_cardcash.obj
         Debug\dev_tr_kobus_mem.obj
         Debug\dev_tr_main.obj
         Debug\dev_tr_mem.obj
         Debug\dev_tr_tmexp_mem.obj
         Debug\dev_ui_main.obj
         Debug\event_if.obj
         Debug\File_Env_ini.obj
         Debug\md5.obj
         Debug\MyDataAccum.obj
         Debug\oper_config.obj
         Debug\oper_kos_file.obj
         Debug\stdafx.obj
         Debug\svr_ccbus.obj
         Debug\svr_ccs_main.obj
         Debug\svr_kobus.obj
         Debug\svr_ko_main.obj
         Debug\svr_main.obj
         Debug\svr_tm_expbus.obj
         Debug\svr_tm_exp_main.obj
       Manifest:
         C:\Program Files (x86)\Microsoft SDKs\Windows\v7.0A\bin\mt.exe /nologo /verbose /out:"Debug\ATEC_KIOSK.exe.embed.manifest" /manifest Debug\ATEC_KIOSK.exe.intermediate.manifest "C:\Program Files (x86)\Microsoft Visual Studio 10.0\VC\Include\Manifest\dpiaware.manifest"
         모든 출력이 최신 상태입니다.
       LinkEmbedManifest:
         모든 출력이 최신 상태입니다.
         BTvmDlg.vcxproj -> C:\__ATEC\01 Source\BTvmDlg_통합\Debug\ATEC_KIOSK.exe
       FinalizeBuildStatus:
         "Debug\BTvmDlg_통합.unsuccessfulbuild" 파일을 삭제하고 있습니다.
         "Debug\BTvmDlg_통합.lastbuildstate"에 연결(touching)하고 있습니다.
     1>"C:\__ATEC\01 Source\BTvmDlg_통합\BTvmDlg\BTvmDlg.vcxproj" 프로젝트를 빌드했습니다(build 대상).

빌드했습니다.

경과 시간: 00:00:15.96
